<?xml version="1.0" encoding="UTF-8"?>
<testng-results ignored="0" total="4" passed="4" failed="0" skipped="0">
  <reporter-output>
  </reporter-output>
  <suite started-at="2023-06-26T00:18:14 EDT" name="OpenCartSuite" finished-at="2023-06-26T00:18:42 EDT" duration-ms="27857">
    <groups>
    </groups>
    <test started-at="2023-06-26T00:18:14 EDT" name="OpenCartTest" finished-at="2023-06-26T00:18:42 EDT" duration-ms="27857">
      <class name="testCases.TC003LoginTest_DDT">
        <test-method is-config="true" signature="setUp(java.lang.String)[pri:0, instance:testCases.TC003LoginTest_DDT@54a7079e]" started-at="2023-06-26T00:18:14 EDT" name="setUp" finished-at="2023-06-26T00:18:19 EDT" duration-ms="5359" status="PASS">
          <params>
            <param index="0">
              <value>
                <![CDATA[chrome]]>
              </value>
            </param>
          </params>
          <reporter-output>
          </reporter-output>
        </test-method> <!-- setUp -->
        <test-method signature="test_loginDDT(java.lang.String,java.lang.String,java.lang.String)[pri:0, instance:testCases.TC003LoginTest_DDT@54a7079e]" started-at="2023-06-26T00:18:20 EDT" name="test_loginDDT" data-provider="LoginData" finished-at="2023-06-26T00:18:20 EDT" duration-ms="563" status="PASS">
          <params>
            <param index="0">
              <value>
                <![CDATA[narinder.gupta@gmail.com]]>
              </value>
            </param>
            <param index="1">
              <value>
                <![CDATA[Test1234]]>
              </value>
            </param>
            <param index="2">
              <value>
                <![CDATA[Valid]]>
              </value>
            </param>
          </params>
          <reporter-output>
          </reporter-output>
        </test-method> <!-- test_loginDDT -->
        <test-method signature="test_loginDDT(java.lang.String,java.lang.String,java.lang.String)[pri:0, instance:testCases.TC003LoginTest_DDT@54a7079e]" started-at="2023-06-26T00:18:20 EDT" name="test_loginDDT" data-provider="LoginData" finished-at="2023-06-26T00:18:31 EDT" duration-ms="10373" status="PASS">
          <params>
            <param index="0">
              <value>
                <![CDATA[ng@yahoo.com]]>
              </value>
            </param>
            <param index="1">
              <value>
                <![CDATA[Test1234]]>
              </value>
            </param>
            <param index="2">
              <value>
                <![CDATA[Invalid]]>
              </value>
            </param>
          </params>
          <reporter-output>
          </reporter-output>
        </test-method> <!-- test_loginDDT -->
        <test-method signature="test_loginDDT(java.lang.String,java.lang.String,java.lang.String)[pri:0, instance:testCases.TC003LoginTest_DDT@54a7079e]" started-at="2023-06-26T00:18:31 EDT" name="test_loginDDT" data-provider="LoginData" finished-at="2023-06-26T00:18:41 EDT" duration-ms="10376" status="PASS">
          <params>
            <param index="0">
              <value>
                <![CDATA[Radha@krishna.com]]>
              </value>
            </param>
            <param index="1">
              <value>
                <![CDATA[Test1234]]>
              </value>
            </param>
            <param index="2">
              <value>
                <![CDATA[Invalid]]>
              </value>
            </param>
          </params>
          <reporter-output>
          </reporter-output>
        </test-method> <!-- test_loginDDT -->
        <test-method signature="test_loginDDT(java.lang.String,java.lang.String,java.lang.String)[pri:0, instance:testCases.TC003LoginTest_DDT@54a7079e]" started-at="2023-06-26T00:18:41 EDT" name="test_loginDDT" data-provider="LoginData" finished-at="2023-06-26T00:18:42 EDT" duration-ms="534" status="PASS">
          <params>
            <param index="0">
              <value>
                <![CDATA[narinder.gupta2020@outlook.com]]>
              </value>
            </param>
            <param index="1">
              <value>
                <![CDATA[Test1234]]>
              </value>
            </param>
            <param index="2">
              <value>
                <![CDATA[Valid]]>
              </value>
            </param>
          </params>
          <reporter-output>
          </reporter-output>
        </test-method> <!-- test_loginDDT -->
        <test-method is-config="true" signature="tearDown()[pri:0, instance:testCases.TC003LoginTest_DDT@54a7079e]" started-at="2023-06-26T00:18:42 EDT" name="tearDown" finished-at="2023-06-26T00:18:42 EDT" duration-ms="156" status="PASS">
          <reporter-output>
          </reporter-output>
        </test-method> <!-- tearDown -->
      </class> <!-- testCases.TC003LoginTest_DDT -->
    </test> <!-- OpenCartTest -->
  </suite> <!-- OpenCartSuite -->
</testng-results>
